{"contracts/Forging.sol":{"l":{"30":21,"41":19,"42":17,"46":17,"50":17,"51":1,"56":16,"58":16,"62":18,"71":3,"75":1,"85":29,"96":0,"105":1,"117":2,"121":1,"130":6,"131":6,"133":6,"136":6,"138":2,"142":4,"144":4,"146":1,"149":1,"153":2,"157":6,"160":6,"162":5,"170":0,"179":4,"180":8,"189":8,"190":8,"191":16,"192":8},"path":"/Users/jesperkristensen/Dropbox/PycharmProjects/DeFi_Game_ERC1155/packages/hardhat/contracts/Forging.sol","s":{"1":21,"2":19,"3":17,"4":17,"5":11,"6":17,"7":1,"8":16,"9":16,"10":18,"11":3,"12":1,"13":29,"14":0,"15":1,"16":2,"17":1,"18":6,"19":6,"20":6,"21":6,"22":2,"23":4,"24":4,"25":1,"26":3,"27":1,"28":2,"29":6,"30":6,"31":5,"32":0,"33":4,"34":8,"35":8,"36":8,"37":16,"38":8},"b":{"1":[17,2],"2":[11,6],"3":[1,16],"4":[6,0],"5":[2,4],"6":[1,3],"7":[1,2]},"f":{"1":21,"2":19,"3":3,"4":1,"5":29,"6":0,"7":1,"8":2,"9":6,"10":0,"11":4,"12":8},"fnMap":{"1":{"name":"constructor","line":29,"loc":{"start":{"line":29,"column":2},"end":{"line":31,"column":2}}},"2":{"name":"mint","line":38,"loc":{"start":{"line":38,"column":2},"end":{"line":63,"column":2}}},"3":{"name":"uri","line":70,"loc":{"start":{"line":70,"column":2},"end":{"line":72,"column":2}}},"4":{"name":"baseUri","line":74,"loc":{"start":{"line":74,"column":2},"end":{"line":76,"column":2}}},"5":{"name":"balanceOf","line":84,"loc":{"start":{"line":84,"column":2},"end":{"line":86,"column":2}}},"6":{"name":"balanceOfBatch","line":94,"loc":{"start":{"line":94,"column":2},"end":{"line":97,"column":2}}},"7":{"name":"totalSupply","line":104,"loc":{"start":{"line":104,"column":2},"end":{"line":106,"column":2}}},"8":{"name":"trade","line":115,"loc":{"start":{"line":115,"column":2},"end":{"line":122,"column":2}}},"9":{"name":"forge","line":129,"loc":{"start":{"line":129,"column":2},"end":{"line":163,"column":2}}},"10":{"name":"burn","line":169,"loc":{"start":{"line":169,"column":2},"end":{"line":171,"column":2}}},"11":{"name":"_sum","line":178,"loc":{"start":{"line":178,"column":2},"end":{"line":181,"column":2}}},"12":{"name":"_createOnesArray","line":188,"loc":{"start":{"line":188,"column":2},"end":{"line":193,"column":2}}}},"statementMap":{"1":{"start":{"line":30,"column":4},"end":{"line":30,"column":30}},"2":{"start":{"line":41,"column":6},"end":{"line":41,"column":1162}},"3":{"start":{"line":42,"column":8},"end":{"line":42,"column":70}},"4":{"start":{"line":46,"column":8},"end":{"line":46,"column":1380}},"5":{"start":{"line":47,"column":10},"end":{"line":47,"column":41}},"6":{"start":{"line":50,"column":8},"end":{"line":50,"column":1616}},"7":{"start":{"line":51,"column":10},"end":{"line":51,"column":43}},"8":{"start":{"line":56,"column":8},"end":{"line":56,"column":69}},"9":{"start":{"line":58,"column":8},"end":{"line":58,"column":38}},"10":{"start":{"line":62,"column":4},"end":{"line":62,"column":32}},"11":{"start":{"line":71,"column":4},"end":{"line":71,"column":29}},"12":{"start":{"line":75,"column":4},"end":{"line":75,"column":28}},"13":{"start":{"line":85,"column":4},"end":{"line":85,"column":41}},"14":{"start":{"line":96,"column":4},"end":{"line":96,"column":46}},"15":{"start":{"line":105,"column":4},"end":{"line":105,"column":32}},"16":{"start":{"line":117,"column":4},"end":{"line":117,"column":79}},"17":{"start":{"line":121,"column":4},"end":{"line":121,"column":51}},"18":{"start":{"line":130,"column":4},"end":{"line":130,"column":38}},"19":{"start":{"line":131,"column":4},"end":{"line":131,"column":86}},"20":{"start":{"line":133,"column":4},"end":{"line":133,"column":25}},"21":{"start":{"line":136,"column":4},"end":{"line":136,"column":4987}},"22":{"start":{"line":138,"column":6},"end":{"line":138,"column":26}},"23":{"start":{"line":142,"column":6},"end":{"line":142,"column":38}},"24":{"start":{"line":144,"column":6},"end":{"line":144,"column":5233}},"25":{"start":{"line":146,"column":8},"end":{"line":146,"column":29}},"26":{"start":{"line":147,"column":13},"end":{"line":147,"column":5325}},"27":{"start":{"line":149,"column":8},"end":{"line":149,"column":28}},"28":{"start":{"line":153,"column":8},"end":{"line":153,"column":31}},"29":{"start":{"line":157,"column":4},"end":{"line":157,"column":52}},"30":{"start":{"line":160,"column":4},"end":{"line":160,"column":68}},"31":{"start":{"line":162,"column":4},"end":{"line":162,"column":43}},"32":{"start":{"line":170,"column":4},"end":{"line":170,"column":32}},"33":{"start":{"line":179,"column":4},"end":{"line":179,"column":6304}},"34":{"start":{"line":180,"column":6},"end":{"line":180,"column":21}},"35":{"start":{"line":189,"column":4},"end":{"line":189,"column":49}},"36":{"start":{"line":190,"column":4},"end":{"line":190,"column":6722}},"37":{"start":{"line":191,"column":6},"end":{"line":191,"column":16}},"38":{"start":{"line":192,"column":4},"end":{"line":192,"column":15}}},"branchMap":{"1":{"line":41,"type":"if","locations":[{"start":{"line":41,"column":6},"end":{"line":41,"column":6}},{"start":{"line":41,"column":6},"end":{"line":41,"column":6}}]},"2":{"line":46,"type":"if","locations":[{"start":{"line":46,"column":8},"end":{"line":46,"column":8}},{"start":{"line":46,"column":8},"end":{"line":46,"column":8}}]},"3":{"line":50,"type":"if","locations":[{"start":{"line":50,"column":8},"end":{"line":50,"column":8}},{"start":{"line":50,"column":8},"end":{"line":50,"column":8}}]},"4":{"line":131,"type":"if","locations":[{"start":{"line":131,"column":4},"end":{"line":131,"column":4}},{"start":{"line":131,"column":4},"end":{"line":131,"column":4}}]},"5":{"line":136,"type":"if","locations":[{"start":{"line":136,"column":4},"end":{"line":136,"column":4}},{"start":{"line":136,"column":4},"end":{"line":136,"column":4}}]},"6":{"line":144,"type":"if","locations":[{"start":{"line":144,"column":6},"end":{"line":144,"column":6}},{"start":{"line":144,"column":6},"end":{"line":144,"column":6}}]},"7":{"line":147,"type":"if","locations":[{"start":{"line":147,"column":13},"end":{"line":147,"column":13}},{"start":{"line":147,"column":13},"end":{"line":147,"column":13}}]}}},"contracts/Token.sol":{"l":{"34":31,"49":10,"63":5,"72":6,"108":42},"path":"/Users/jesperkristensen/Dropbox/PycharmProjects/DeFi_Game_ERC1155/packages/hardhat/contracts/Token.sol","s":{"1":31,"2":10,"3":5,"4":6,"5":42},"b":{},"f":{"1":36,"2":31,"3":10,"4":5,"5":6,"6":42},"fnMap":{"1":{"name":"constructor","line":25,"loc":{"start":{"line":25,"column":2},"end":{"line":25,"column":87}}},"2":{"name":"mint","line":33,"loc":{"start":{"line":33,"column":2},"end":{"line":35,"column":2}}},"3":{"name":"burnBatch","line":48,"loc":{"start":{"line":44,"column":2},"end":{"line":50,"column":2}}},"4":{"name":"burn","line":62,"loc":{"start":{"line":58,"column":2},"end":{"line":64,"column":4}}},"5":{"name":"uri","line":71,"loc":{"start":{"line":71,"column":4},"end":{"line":78,"column":4}}},"6":{"name":"_beforeTokenTransfer","line":100,"loc":{"start":{"line":100,"column":4},"end":{"line":109,"column":4}}}},"statementMap":{"1":{"start":{"line":34,"column":4},"end":{"line":34,"column":28}},"2":{"start":{"line":49,"column":6},"end":{"line":49,"column":42}},"3":{"start":{"line":63,"column":6},"end":{"line":63,"column":36}},"4":{"start":{"line":72,"column":6},"end":{"line":72,"column":2608}},"5":{"start":{"line":108,"column":6},"end":{"line":108,"column":71}}},"branchMap":{}}}