{"contracts/Forging.sol":{"l":{"30":0,"41":0,"42":0,"46":0,"50":0,"51":0,"56":0,"58":0,"62":0,"71":0,"75":0,"85":0,"96":0,"105":0,"117":0,"121":0,"130":0,"131":0,"133":0,"136":0,"138":0,"142":0,"144":0,"146":0,"149":0,"153":0,"157":0,"160":0,"162":0,"170":0,"179":0,"180":0,"189":0,"190":0,"191":0,"192":0},"path":"/Users/jesperkristensen/Dropbox/PycharmProjects/DeFi_Game_ERC1155/packages/hardhat/contracts/Forging.sol","s":{"1":0,"2":0,"3":0,"4":0,"5":0,"6":0,"7":0,"8":0,"9":0,"10":0,"11":0,"12":0,"13":0,"14":0,"15":0,"16":0,"17":0,"18":0,"19":0,"20":0,"21":0,"22":0,"23":0,"24":0,"25":0,"26":0,"27":0,"28":0,"29":0,"30":0,"31":0,"32":0,"33":0,"34":0,"35":0,"36":0,"37":0,"38":0},"b":{"1":[0,0],"2":[0,0],"3":[0,0],"4":[0,0],"5":[0,0],"6":[0,0],"7":[0,0]},"f":{"1":0,"2":0,"3":0,"4":0,"5":0,"6":0,"7":0,"8":0,"9":0,"10":0,"11":0,"12":0},"fnMap":{"1":{"name":"constructor","line":29,"loc":{"start":{"line":29,"column":2},"end":{"line":31,"column":2}}},"2":{"name":"mint","line":38,"loc":{"start":{"line":38,"column":2},"end":{"line":63,"column":2}}},"3":{"name":"uri","line":70,"loc":{"start":{"line":70,"column":2},"end":{"line":72,"column":2}}},"4":{"name":"baseUri","line":74,"loc":{"start":{"line":74,"column":2},"end":{"line":76,"column":2}}},"5":{"name":"balanceOf","line":84,"loc":{"start":{"line":84,"column":2},"end":{"line":86,"column":2}}},"6":{"name":"balanceOfBatch","line":94,"loc":{"start":{"line":94,"column":2},"end":{"line":97,"column":2}}},"7":{"name":"totalSupply","line":104,"loc":{"start":{"line":104,"column":2},"end":{"line":106,"column":2}}},"8":{"name":"trade","line":115,"loc":{"start":{"line":115,"column":2},"end":{"line":122,"column":2}}},"9":{"name":"forge","line":129,"loc":{"start":{"line":129,"column":2},"end":{"line":163,"column":2}}},"10":{"name":"burn","line":169,"loc":{"start":{"line":169,"column":2},"end":{"line":171,"column":2}}},"11":{"name":"_sum","line":178,"loc":{"start":{"line":178,"column":2},"end":{"line":181,"column":2}}},"12":{"name":"_createOnesArray","line":188,"loc":{"start":{"line":188,"column":2},"end":{"line":193,"column":2}}}},"statementMap":{"1":{"start":{"line":30,"column":4},"end":{"line":30,"column":30}},"2":{"start":{"line":41,"column":6},"end":{"line":41,"column":1162}},"3":{"start":{"line":42,"column":8},"end":{"line":42,"column":70}},"4":{"start":{"line":46,"column":8},"end":{"line":46,"column":1380}},"5":{"start":{"line":47,"column":10},"end":{"line":47,"column":41}},"6":{"start":{"line":50,"column":8},"end":{"line":50,"column":1616}},"7":{"start":{"line":51,"column":10},"end":{"line":51,"column":43}},"8":{"start":{"line":56,"column":8},"end":{"line":56,"column":69}},"9":{"start":{"line":58,"column":8},"end":{"line":58,"column":38}},"10":{"start":{"line":62,"column":4},"end":{"line":62,"column":32}},"11":{"start":{"line":71,"column":4},"end":{"line":71,"column":29}},"12":{"start":{"line":75,"column":4},"end":{"line":75,"column":28}},"13":{"start":{"line":85,"column":4},"end":{"line":85,"column":41}},"14":{"start":{"line":96,"column":4},"end":{"line":96,"column":46}},"15":{"start":{"line":105,"column":4},"end":{"line":105,"column":32}},"16":{"start":{"line":117,"column":4},"end":{"line":117,"column":79}},"17":{"start":{"line":121,"column":4},"end":{"line":121,"column":51}},"18":{"start":{"line":130,"column":4},"end":{"line":130,"column":38}},"19":{"start":{"line":131,"column":4},"end":{"line":131,"column":86}},"20":{"start":{"line":133,"column":4},"end":{"line":133,"column":25}},"21":{"start":{"line":136,"column":4},"end":{"line":136,"column":4987}},"22":{"start":{"line":138,"column":6},"end":{"line":138,"column":26}},"23":{"start":{"line":142,"column":6},"end":{"line":142,"column":38}},"24":{"start":{"line":144,"column":6},"end":{"line":144,"column":5233}},"25":{"start":{"line":146,"column":8},"end":{"line":146,"column":29}},"26":{"start":{"line":147,"column":13},"end":{"line":147,"column":5325}},"27":{"start":{"line":149,"column":8},"end":{"line":149,"column":28}},"28":{"start":{"line":153,"column":8},"end":{"line":153,"column":31}},"29":{"start":{"line":157,"column":4},"end":{"line":157,"column":52}},"30":{"start":{"line":160,"column":4},"end":{"line":160,"column":68}},"31":{"start":{"line":162,"column":4},"end":{"line":162,"column":43}},"32":{"start":{"line":170,"column":4},"end":{"line":170,"column":32}},"33":{"start":{"line":179,"column":4},"end":{"line":179,"column":6304}},"34":{"start":{"line":180,"column":6},"end":{"line":180,"column":21}},"35":{"start":{"line":189,"column":4},"end":{"line":189,"column":49}},"36":{"start":{"line":190,"column":4},"end":{"line":190,"column":6722}},"37":{"start":{"line":191,"column":6},"end":{"line":191,"column":16}},"38":{"start":{"line":192,"column":4},"end":{"line":192,"column":15}}},"branchMap":{"1":{"line":41,"type":"if","locations":[{"start":{"line":41,"column":6},"end":{"line":41,"column":6}},{"start":{"line":41,"column":6},"end":{"line":41,"column":6}}]},"2":{"line":46,"type":"if","locations":[{"start":{"line":46,"column":8},"end":{"line":46,"column":8}},{"start":{"line":46,"column":8},"end":{"line":46,"column":8}}]},"3":{"line":50,"type":"if","locations":[{"start":{"line":50,"column":8},"end":{"line":50,"column":8}},{"start":{"line":50,"column":8},"end":{"line":50,"column":8}}]},"4":{"line":131,"type":"if","locations":[{"start":{"line":131,"column":4},"end":{"line":131,"column":4}},{"start":{"line":131,"column":4},"end":{"line":131,"column":4}}]},"5":{"line":136,"type":"if","locations":[{"start":{"line":136,"column":4},"end":{"line":136,"column":4}},{"start":{"line":136,"column":4},"end":{"line":136,"column":4}}]},"6":{"line":144,"type":"if","locations":[{"start":{"line":144,"column":6},"end":{"line":144,"column":6}},{"start":{"line":144,"column":6},"end":{"line":144,"column":6}}]},"7":{"line":147,"type":"if","locations":[{"start":{"line":147,"column":13},"end":{"line":147,"column":13}},{"start":{"line":147,"column":13},"end":{"line":147,"column":13}}]}}},"contracts/Token.sol":{"l":{"34":7,"49":2,"63":5,"72":3,"108":12},"path":"/Users/jesperkristensen/Dropbox/PycharmProjects/DeFi_Game_ERC1155/packages/hardhat/contracts/Token.sol","s":{"1":7,"2":2,"3":5,"4":3,"5":12},"b":{},"f":{"1":15,"2":7,"3":2,"4":5,"5":3,"6":12},"fnMap":{"1":{"name":"constructor","line":25,"loc":{"start":{"line":25,"column":2},"end":{"line":25,"column":87}}},"2":{"name":"mint","line":33,"loc":{"start":{"line":33,"column":2},"end":{"line":35,"column":2}}},"3":{"name":"burnBatch","line":48,"loc":{"start":{"line":44,"column":2},"end":{"line":50,"column":2}}},"4":{"name":"burn","line":62,"loc":{"start":{"line":58,"column":2},"end":{"line":64,"column":4}}},"5":{"name":"uri","line":71,"loc":{"start":{"line":71,"column":4},"end":{"line":78,"column":4}}},"6":{"name":"_beforeTokenTransfer","line":100,"loc":{"start":{"line":100,"column":4},"end":{"line":109,"column":4}}}},"statementMap":{"1":{"start":{"line":34,"column":4},"end":{"line":34,"column":28}},"2":{"start":{"line":49,"column":6},"end":{"line":49,"column":42}},"3":{"start":{"line":63,"column":6},"end":{"line":63,"column":36}},"4":{"start":{"line":72,"column":6},"end":{"line":72,"column":2608}},"5":{"start":{"line":108,"column":6},"end":{"line":108,"column":71}}},"branchMap":{}}}